<?xml version="1.0" encoding="UTF-8"?>
<!-- Generated by org.testng.reporters.JUnitReportReporter -->
<testsuite skipped="0" hostname="EG5CG9024YKL" name="test.MailValidationTest" tests="1" failures="0" timestamp="2020-03-30T22:37:49 EET" time="5.546" errors="0">
  <testcase name="validateEmail" time="5.546" classname="test.MailValidationTest"/>
  <system-out/>
</testsuite> <!-- test.MailValidationTest -->
