<?xml version="1.0" encoding="UTF-8"?>
<!-- Generated by org.testng.reporters.JUnitReportReporter -->
<testsuite skipped="0" hostname="EG5CG9024YKL" name="test.LoginTest" tests="3" failures="0" timestamp="2020-03-30T22:37:49 EET" time="8.490" errors="0">
  <testcase name="signUpProcess" time="5.362" classname="test.LoginTest"/>
  <system-out/>
  <testcase name="logOut" time="2.738" classname="test.LoginTest"/>
  <system-out/>
  <testcase name="login" time="0.390" classname="test.LoginTest"/>
  <system-out/>
</testsuite> <!-- test.LoginTest -->
