<?xml version="1.0" encoding="UTF-8"?>
<!-- Generated by org.testng.reporters.JUnitReportReporter -->
<testsuite skipped="0" hostname="EG5CG9024YKL" name="test.SignUpTest" tests="1" failures="0" timestamp="2020-03-29T23:27:57 EET" time="4.005" errors="0">
  <testcase name="signUpProcess" time="4.005" classname="test.SignUpTest"/>
  <system-out/>
</testsuite> <!-- test.SignUpTest -->
