<?xml version="1.0" encoding="UTF-8"?>
<!-- Generated by org.testng.reporters.JUnitReportReporter -->
<testsuite skipped="0" hostname="EG5CG9024YKL" name="test.SignUpTest" tests="2" failures="0" timestamp="2020-03-30T22:37:49 EET" time="6.243" errors="0">
  <testcase name="logOut" time="2.587" classname="test.SignUpTest"/>
  <system-out/>
  <testcase name="signUpProcess" time="3.656" classname="test.SignUpTest"/>
  <system-out/>
</testsuite> <!-- test.SignUpTest -->
