<?xml version="1.0" encoding="UTF-8"?>
<!-- Generated by org.testng.reporters.JUnitReportReporter -->
<testsuite skipped="0" hostname="EG5CG9024YKL" name="test.HomeTest" tests="2" failures="0" timestamp="2020-03-29T23:44:29 EET" time="6.491" errors="0">
  <testcase name="logOut" time="2.353" classname="test.HomeTest"/>
  <system-out/>
  <testcase name="signUpProcess" time="4.138" classname="test.HomeTest"/>
  <system-out/>
</testsuite> <!-- test.HomeTest -->
