<?xml version="1.0" encoding="UTF-8"?>
<!-- Generated by org.testng.reporters.JUnitReportReporter -->
<testsuite skipped="0" hostname="EG5CG9024YKL" name="test.LoginTest" tests="3" failures="0" timestamp="2020-03-30T00:33:30 EET" time="6.514" errors="0">
  <testcase name="logOut" time="2.502" classname="test.LoginTest"/>
  <system-out/>
  <testcase name="signUpProcess" time="3.633" classname="test.LoginTest"/>
  <system-out/>
  <testcase name="login" time="0.379" classname="test.LoginTest"/>
  <system-out/>
</testsuite> <!-- test.LoginTest -->
